<?xml version="1.0" encoding="UTF-8"?>
<!-- Generated by org.testng.reporters.JUnitReportReporter -->
<testsuite hostname="PLANON-4TXFPN2" failures="0" tests="1" name="com.inetbanking.demo.Day1" time="0.013" errors="0" timestamp="20 Aug 2023 07:17:50 GMT" skipped="0">
  <testcase classname="com.inetbanking.demo.Day1" name="swapNumbers" time="0.013"/>
</testsuite> <!-- com.inetbanking.demo.Day1 -->
