<?xml version="1.0" encoding="UTF-8"?>
<!-- Generated by org.testng.reporters.JUnitReportReporter -->
<testsuite hostname="PLANON-4TXFPN2" failures="0" tests="1" name="com.inetbanking.testCases.LoginTest" time="8.568" errors="0" timestamp="10 Dec 2023 05:39:29 GMT" skipped="0">
  <testcase classname="com.inetbanking.testCases.LoginTest" name="loginTest" time="8.568"/>
</testsuite> <!-- com.inetbanking.testCases.LoginTest -->
