<?xml version="1.0" encoding="UTF-8"?>
<!-- Generated by org.testng.reporters.JUnitReportReporter -->
<testsuite hostname="PLANON-4TXFPN2" failures="0" tests="1" name="com.inetbanking.testCases.DataManagement.Site" time="1480.712" errors="0" timestamp="27 Dec 2023 09:38:06 GMT" skipped="0">
  <testcase classname="com.inetbanking.testCases.DataManagement.Site" name="siteCreation" time="1480.712"/>
</testsuite> <!-- com.inetbanking.testCases.DataManagement.Site -->
