<?xml version="1.0" encoding="UTF-8"?>
<!-- Generated by org.testng.reporters.JUnitReportReporter -->
<testsuite hostname="PLANON-4TXFPN2" failures="0" tests="1" name="com.inetbanking.demo.ExcelReading" time="1.095" errors="0" timestamp="14 Sep 2023 02:04:42 GMT" skipped="0">
  <testcase classname="com.inetbanking.demo.ExcelReading" name="dataReadFromExcel" time="1.095"/>
</testsuite> <!-- com.inetbanking.demo.ExcelReading -->
