<?xml version="1.0" encoding="UTF-8"?>
<!-- Generated by org.testng.reporters.JUnitReportReporter -->
<testsuite hostname="PLANON-4TXFPN2" failures="0" tests="1" name="com.inetbanking.demo.Headless" time="1.583" errors="0" timestamp="29 Jan 2024 03:49:00 GMT" skipped="0">
  <testcase classname="com.inetbanking.demo.Headless" name="test" time="1.583"/>
</testsuite> <!-- com.inetbanking.demo.Headless -->
