<?xml version="1.0" encoding="UTF-8"?>
<!-- Generated by org.testng.reporters.JUnitReportReporter -->
<testsuite hostname="PLANON-4TXFPN2" failures="0" tests="2" name="com.inetbanking.testCases.StockArticles.Article" time="13.835" errors="0" timestamp="16 Dec 2023 10:16:46 GMT" skipped="0">
  <testcase classname="com.inetbanking.testCases.StockArticles.Article" name="stockManagement" time="0.357"/>
  <testcase classname="com.inetbanking.testCases.StockArticles.Article" name="ArticleTypeCreation" time="13.478"/>
</testsuite> <!-- com.inetbanking.testCases.StockArticles.Article -->
