<?xml version="1.0" encoding="UTF-8"?>
<!-- Generated by org.testng.reporters.JUnitReportReporter -->
<testsuite hostname="LT15494" failures="0" tests="1" name="com.inetbanking.testCases.TC_LoginTest_001" time="5.302" errors="0" timestamp="13 Aug 2023 02:16:13 GMT" skipped="0">
  <testcase classname="com.inetbanking.testCases.TC_LoginTest_001" name="loginTest" time="5.302"/>
</testsuite> <!-- com.inetbanking.testCases.TC_LoginTest_001 -->
