<?xml version="1.0" encoding="UTF-8"?>
<!-- Generated by org.testng.reporters.JUnitReportReporter -->
<testsuite hostname="LT15494" failures="0" tests="1" name="com.inetbanking.testCases.TC_LoginTest_001" time="5.232" errors="0" timestamp="14 Aug 2023 01:29:41 GMT" skipped="0">
  <testcase classname="com.inetbanking.testCases.TC_LoginTest_001" name="loginTest" time="5.232"/>
</testsuite> <!-- com.inetbanking.testCases.TC_LoginTest_001 -->
